<?xml version="1.0" encoding="UTF-8"?>
<!-- Generated by org.testng.reporters.JUnitXMLReporter -->
<testsuite hostname="amol" ignored="0" name="Test" tests="3" failures="0" timestamp="04 Mar 2019 11:46:46 GMT" time="0.053" errors="0">
  <testcase name="test1" time="0.0" classname="testngannotations.UnderstandAnnotations1"/>
  <testcase name="test2" time="0.0" classname="testngannotations.UnderstandAnnotations1"/>
  <testcase name="test3" time="0.0" classname="testngannotations.UnderstandAnnotations1"/>
</testsuite> <!-- Test -->
