<?xml version="1.0" encoding="UTF-8"?>
<!-- Generated by org.testng.reporters.JUnitXMLReporter -->
<testsuite hostname="amol" ignored="0" name="FirstTest" tests="6" failures="0" timestamp="05 Mar 2019 09:29:56 GMT" time="0.09" errors="0">
  <testcase name="test1" time="0.011" classname="testngannotations.UnderstandAnnotations1"/>
  <testcase name="test2" time="0.005" classname="testngannotations.UnderstandAnnotations1"/>
  <testcase name="test3" time="0.007" classname="testngannotations.UnderstandAnnotations1"/>
  <testcase name="test1" time="0.004" classname="testngannotations.UnderstandAnnotations2"/>
  <testcase name="test2" time="0.004" classname="testngannotations.UnderstandAnnotations2"/>
  <testcase name="test3" time="0.001" classname="testngannotations.UnderstandAnnotations2"/>
</testsuite> <!-- FirstTest -->
