<?xml version="1.0" encoding="UTF-8"?>
<!-- Generated by org.testng.reporters.JUnitXMLReporter -->
<testsuite hostname="amol" ignored="0" name="Test" tests="6" failures="0" timestamp="05 Mar 2019 09:25:46 GMT" time="0.11" errors="0">
  <testcase name="test1" time="0.019" classname="testngannotations.UnderstandAnnotations3"/>
  <testcase name="test2" time="0.002" classname="testngannotations.UnderstandAnnotations3"/>
  <testcase name="test3" time="0.002" classname="testngannotations.UnderstandAnnotations3"/>
  <testcase name="test1" time="0.003" classname="testngannotations.UnderstandAnnotations4"/>
  <testcase name="test2" time="0.003" classname="testngannotations.UnderstandAnnotations4"/>
  <testcase name="test3" time="0.002" classname="testngannotations.UnderstandAnnotations4"/>
</testsuite> <!-- Test -->
